TrinityCore rev. Naaru v1.7 2020-01-21 23:00:00 (Win64, Release, Static) (authserver)
<Ctrl-C> to stop.

 ______                       __
/\__  _\       __          __/\ \__
\/_/\ \/ _ __ /\_\    ___ /\_\ \, _\  __  __
   \ \ \/\`'__\/\ \ /' _ `\/\ \ \ \/ /\ \/\ \
    \ \ \ \ \/ \ \ \/\ \/\ \ \ \ \ \_\ \ \_\ \
     \ \_\ \_\  \ \_\ \_\ \_\ \_\ \__\\/`____ \
      \/_/\/_/   \/_/\/_/\/_/\/_/\/__/ `/___/> \
                                 C O R E  /\___/
http://TrinityCore.org                    \/__/

Using configuration file E:/GIT/WowSandbox/Services/authserver.conf.
Using SSL version: OpenSSL 1.1.0b  26 Sep 2016 (library: OpenSSL 1.1.0j  20 Nov 2018)
Using Boost version: 1.66.0
Daemon PID: 13664

Opening DatabasePool 'auth'. Asynchronous connections: 1, synchronous connections: 1.
MySQL client library: 5.6.28
MySQL server ver: 5.6.28 
Connected to MySQL database at 127.0.0.1
MySQL client library: 5.6.28
MySQL server ver: 5.6.28 
Connected to MySQL database at 127.0.0.1
DatabasePool 'auth' opened successfully. 2 total connections running.
Updating Auth database...
>> Auth database is up-to-date! Containing 1 new and 61 archived updates.
Started auth database connection pool.
Loading IP Location Database...
Added realm "WoWSandbox" at 127.0.0.1:8085.
Process priority class set to HIGH
